14-06 19:34:53.631: Mongoose model 'error' event fired on 'Product' with error:
 No matching document found for id "5b48e934bdd218570be62085" version 1933 modifiedPaths "popularity, modifiedDate, tags" Error
    at model.wrappedPointCut [as save] (/home/simo/lib/node_modules/keystone/node_modules/mongoose/lib/services/model/applyHooks.js:131:29)
    at model.<anonymous> (/home/simo/app/models/Product.js:350:44)
    at Timeout.throttler [as _onTimeout] (/home/simo/app/helpers/polyfills.js:239:32)
    at ontimeout (timers.js:469:11)
    at tryOnTimeout (timers.js:304:5)
    at Timer.listOnTimeout (timers.js:264:5)
You have triggered an unhandledRejection, you may have forgotten to catch a Promise rejection:
Error
    at model.wrappedPointCut [as save] (/home/simo/lib/node_modules/keystone/node_modules/mongoose/lib/services/model/applyHooks.js:131:29)
    at model.<anonymous> (/home/simo/app/models/Product.js:350:44)
    at Timeout.throttler [as _onTimeout] (/home/simo/app/helpers/polyfills.js:239:32)
    at ontimeout (timers.js:469:11)
    at tryOnTimeout (timers.js:304:5)
    at Timer.listOnTimeout (timers.js:264:5)
14-06 20:38:07.329: Mongoose model 'error' event fired on 'Product' with error:
 No matching document found for id "5b48e934bdd218570be62103" version 1784 modifiedPaths "popularity, modifiedDate, tags" Error
    at model.wrappedPointCut [as save] (/home/simo/lib/node_modules/keystone/node_modules/mongoose/lib/services/model/applyHooks.js:131:29)
    at model.<anonymous> (/home/simo/app/models/Product.js:350:44)
    at Timeout.throttler [as _onTimeout] (/home/simo/app/helpers/polyfills.js:239:32)
    at ontimeout (timers.js:469:11)
    at tryOnTimeout (timers.js:304:5)
    at Timer.listOnTimeout (timers.js:264:5)
You have triggered an unhandledRejection, you may have forgotten to catch a Promise rejection:
Error
    at model.wrappedPointCut [as save] (/home/simo/lib/node_modules/keystone/node_modules/mongoose/lib/services/model/applyHooks.js:131:29)
    at model.<anonymous> (/home/simo/app/models/Product.js:350:44)
    at Timeout.throttler [as _onTimeout] (/home/simo/app/helpers/polyfills.js:239:32)
    at ontimeout (timers.js:469:11)
    at tryOnTimeout (timers.js:304:5)
    at Timer.listOnTimeout (timers.js:264:5)
15-06 13:42:05.558: (node:15870) [DEP0013] DeprecationWarning: Calling an asynchronous function without callback is deprecated.
15-06 13:42:09.978: Got no client from session: NRzy0H3dfC2gDBkXBPCd7h74Azs1K_td
15-06 13:42:09.979: Got no client from session: Pw1TpQemAZM9wYHpgGOCX_myQ9IPfXNK
15-06 13:42:09.984: Got no client from session: r6epYK1wzeqSH5dOPAcDrPYF01EQUz4O
15-06 13:42:10.000: Got no client from session: LapjMpSQdHW39anOMfv1tq4U6XFxjPFp
15-06 13:42:10.004: Got no client from session: tAuP8HKodtAUl2KFBgLI-vdtPcYSfTtW
15-06 13:42:10.021: Got no client from session: PTusAncp_ZCNYa5W6c5drpZ4KJHxAwQP
15-06 13:42:10.024: Got no client from session: hVfGuf5KJInBvpzSJOqVGZsro5k2WY5Q
15-06 13:42:10.043: Got no client from session: 2Mox5H2n-bzVVuF9zJgjSi4y0m89G9FT
15-06 13:42:10.049: Got no client from session: IMdzeFPjgbYRcJPo3CgqPkt5gcrzN-bP
15-06 13:42:10.052: Got no client from session: RUF_UUW0Wzvh3jYY8Y2dG05DNqFq2IQ2
15-06 13:42:10.059: Got no client from session: _lHfHHxsybVZAHblWfPs1ihXS9zRrocW
15-06 13:42:10.064: Got no client from session: ffBdsQLASliVQI2RHc5p7WGdhsta9SUv
15-06 13:42:10.067: Got no client from session: tIU7n9eKuxB38zEmrTbSS6oeXPCoOboy
15-06 13:42:10.068: Got no client from session: 9lTWqM9c91CBiVullBbsxUQ4mV-UuQfw
15-06 13:42:10.069: Got no client from session: nh8s6u1KAZcS7ZSnLa9rc0gLmGsL8PRf
15-06 13:42:10.074: Got no client from session: X_OhaqxPEAMZFggt1JBtwZN4I0DyZ6Yk
15-06 13:42:10.084: Got no client from session: bDEMNLworuAvP_CVNKrSRZGz8bBOdqRc
15-06 13:42:10.088: Got no client from session: zDPP7zGU7je_x3GfiTOlbKEh9vHSHjPj
15-06 13:42:10.100: Got no client from session: Qy8fsKEddZR7Itcd-fyEu5tFQ0fWW6AF
15-06 13:42:10.102: Got no client from session: Y5mVJ2NQmHeWUcn_BfZlBI7v3E21VjH2
15-06 13:42:10.102: Got no client from session: i4bbpioNCGSz7sIEld0tywG_igqo3DZZ
15-06 13:42:10.106: Got no client from session: h7GLfpt72WNT_ascnlsShFdASe_NqBeT
15-06 13:42:10.113: Got no client from session: yEhNmmVwp0GRoI59vpcPIzn3hutIE6_P
15-06 13:42:10.115: Got no client from session: g9m7-1fxBfQJbQY8Tsy7m0h3giLzlzhl
15-06 13:42:10.118: Got no client from session: leoYBJm-ObWCB7kAs5pttNr6ewp1pz7N
15-06 13:42:10.119: Got no client from session: SZcabh1AG3B_1U28NPt3zEhWcdamPMtJ
15-06 13:42:10.120: Got no client from session: tHlfkcrkpdNUqvPjBrJ2nJdyrRzsS8v3
15-06 13:42:10.127: Got no client from session: ZU47btvDGWHqDOp71QQPVEkEIUFSPzVp
15-06 13:42:10.137: Got no client from session: pLo6HVokpTGkrMppUPQaPNiUmsLNW2hN
15-06 13:42:10.138: Got no client from session: 2PsQ5b3zfJHLp0iFQx8AFtwNmoEuz7mi
15-06 13:42:10.143: Got no client from session: fcC9LBcCqyK7CvNxPqs0FiIR_RhPU_Wx
15-06 13:42:10.153: Got no client from session: ucpdxSHhPkQEiiy3HFnKC6e-GkoaQtYd
15-06 13:42:10.159: Got no client from session: GnSzlRYI9HnsGEJaauZa01y1Zg4KnWhh
15-06 13:42:10.163: Got no client from session: HgcfKjrEM2AjDgTOQ-64hG7B4ezicFO1
15-06 13:42:10.165: Got no client from session: bDYYBypIQWjENZR8Qr_B-gx6iMnvGQ4I
15-06 13:42:10.167: Got no client from session: ymhMPKnPlJDhBl49lnoKbw-mcjjaS9LJ
15-06 13:42:10.171: Got no client from session: kQ0V9FuOcP1Nr93YRtTq5Bv5AoYpmwuO
15-06 13:42:10.172: Got no client from session: 8ToXE3FDhshnT6CB-YqEw2hM3zF2MGen
15-06 13:42:10.179: Got no client from session: MugqeMQbzlzYk4MEN9Pi38RFfAImr852
15-06 13:42:10.183: Got no client from session: mBgPCCPAMqrI1gvrv4Fovq_9TObje-7I
15-06 13:42:10.186: Got no client from session: Z3DsMF7BXByphb1jTToQVKJiczHx6l5M
15-06 13:42:10.187: Got no client from session: GHiWu5_KkKJt0mKbnx_X1TFvmpDuQR_8
15-06 13:42:10.190: Got no client from session: PN1bmaLzNoH_0uL8NBDP5mM1A6cjXSDL
15-06 13:42:10.195: Got no client from session: OtKaiwwQjTFc0VHVvrfNt4JeiMbrjSyl
15-06 13:42:10.198: Got no client from session: wm9rTSQqfSPpsrPyVtWnPTiSKIjPg9oX
15-06 13:42:10.202: Got no client from session: 1efgIV_yXi9T47ynLr71Iw7QsrGl6zkP
15-06 13:42:10.204: Got no client from session: uU8t39vCTDtPDwruTDzmj9rzSjFKggKg
15-06 13:42:10.207: Got no client from session: ywYfOH9DSMNshYC4TWvQnSYZLeUHpKWk
15-06 13:42:10.214: Got no client from session: YWIRDTTUlS1kYldFdT4E6gJk660C9IxM
15-06 13:42:10.219: Got no client from session: Dhj123DbwCrxYsBIq2i4Km17fqGuhnO_
15-06 13:42:10.227: Got no client from session: jnUG4iVW2Sp-0iDHBnTDKfVI-tL6SE19
15-06 13:42:10.234: Got no client from session: OWLseIA71vv6Ne29JzjDTxaEmMh6tRP9
15-06 13:42:10.237: Got no client from session: JczzfY-gHAalhhxs01Jgfnv8GJ4Jbc5b
15-06 13:42:10.238: Got no client from session: ROq5DocN6gBcC8yVPi4CFaEb4IVltbv3
15-06 13:42:10.242: Got no client from session: SasoxfHDStGnW8OEbrAI2suX7G-eife6
15-06 13:42:10.250: Got no client from session: did-aXdHJR3axvjs7IveHL7LcCnh7_4v
15-06 13:42:10.255: Got no client from session: B-pOAOCVKpP2Geb_zFl8o23U1gpsKF3C
15-06 13:42:10.258: Got no client from session: TfqVRnWKlIpVJSVOFtr2aT2S4kenanZN
15-06 13:42:10.269: Got no client from session: _14Eh3znq-II4Fu-_7Vok5hzr_zfBsHu
15-06 13:42:10.271: Got no client from session: B4COFRevW9cTkzj4IMXljldQejqMNBjV
15-06 13:42:10.279: Got no client from session: qyzMytr8EB8y7XHT1jpjELOPp1ovAADU
15-06 13:42:10.283: Got no client from session: wn1TFJ6J5Ee3G-nA3mTQWsuU9ECqy-Ik
15-06 13:42:10.290: Got no client from session: QwxbXzsKBnAgGhBzdX92CRTWMHXnuX5J
15-06 13:42:10.298: Got no client from session: hFW4NMgenZazjowgQf0OusO1JCdmV4o5
15-06 13:42:10.301: Got no client from session: 4zhcDuI7Mnhj0PxQmWFs9FsksdrziBk9
15-06 13:42:10.303: Got no client from session: UqlKW7t7iBZrXLECN_6Qw7bQnWW3WjIh
15-06 13:42:10.306: Got no client from session: fpsMfRQWhG8pN0RpNP-qGIneJ-ffqdMK
15-06 13:42:10.321: Got no client from session: jA1OTxtOpQsSSJxt1ad5W6lPz3bi_koL
15-06 13:42:10.324: Got no client from session: G1vKwfMahR_0RP01UZ6ySzZ0dl09JBWW
15-06 13:42:10.325: Got no client from session: wVknJ34LmDkb8Asl_-P9OiHBxWtYQHoB
15-06 13:42:10.332: Got no client from session: DX60FHmV91arE39KK9gtmZ6KwhuHcM0z
15-06 13:42:10.338: Got no client from session: dzk72l8uw-XAWA3EZwx2QQClVta_7IkJ
15-06 13:42:10.341: Got no client from session: 5K4s5uZ0vdOS1xts4zOwXP_RiYRfHvT9
15-06 13:42:10.343: Got no client from session: dAdDk4_O8eebalLtqblXHsZKT_5q4Iaa
15-06 13:42:10.358: Got no client from session: xYiZgP64fF5mtXS-y_C0A_-4_glvGPac
15-06 13:42:10.363: Got no client from session: XrZ5yAbESPIp1W8L-_UiFGqkHTXE36w0
15-06 13:42:10.374: Got no client from session: 7MJdqAxcM2qfOr6g_iSCzTpwIk5LwekQ
15-06 13:42:10.378: Got no client from session: d_7uvgAmA34dWZGAKVFkRSe4Q7Jxsv6j
15-06 13:42:10.380: Got no client from session: hUNv3jg0bJYFj8nPRMWMvHXIh1-9yKaa
15-06 13:42:10.391: Got no client from session: S69ehovlJikNinPwxIt_YaAUKQHa44Z4
15-06 13:42:10.401: Got no client from session: sJ2Y5LDyCo60F33T1xHBLl629UpJUXHw
15-06 13:42:10.401: Got no client from session: t9Ev20Lgnxzbn0JwRvZl9ZQJZR8gAHO6
15-06 13:42:10.407: Got no client from session: CUeyXLjfEZcvNXCrL5E8JTLASnUxKj8V
15-06 13:42:10.417: Got no client from session: rvmTo4XaSYlEGPwsHoPSiVqcGVVY4MmM
15-06 13:42:25.630: User Kalpesh Bhudia has no push token associeted!
You have triggered an unhandledRejection, you may have forgotten to catch a Promise rejection:
ValidationError: 
    at ValidationError (/home/simo/lib/node_modules/keystone/node_modules/mongoose/lib/error/validation.js:28:11)
    at model.Document.invalidate (/home/simo/lib/node_modules/keystone/node_modules/mongoose/lib/document.js:1683:32)
    at /home/simo/lib/node_modules/keystone/node_modules/mongoose/lib/document.js:1555:17
    at validate (/home/simo/lib/node_modules/keystone/node_modules/mongoose/lib/schematype.js:784:7)
    at /home/simo/lib/node_modules/keystone/node_modules/mongoose/lib/schematype.js:829:11
    at Array.forEach (<anonymous>)
    at SchemaString.SchemaType.doValidate (/home/simo/lib/node_modules/keystone/node_modules/mongoose/lib/schematype.js:789:19)
    at /home/simo/lib/node_modules/keystone/node_modules/mongoose/lib/document.js:1553:9
    at _combinedTickCallback (internal/process/next_tick.js:131:7)
    at process._tickDomainCallback (internal/process/next_tick.js:218:9)
15-06 18:33:33.108: Mongoose model 'error' event fired on 'Client' with error:
 No matching document found for id "5dd673b14db04d1938e91026" version 565 modifiedPaths "clientIps, modifiedDate, image" Error
    at model.wrappedPointCut [as save] (/home/simo/lib/node_modules/keystone/node_modules/mongoose/lib/services/model/applyHooks.js:131:29)
    at keystone.list.model.findOne.exec (/home/simo/app/routes/middleware.js:413:28)
    at /home/simo/lib/node_modules/keystone/node_modules/mongoose/lib/query.js:3118:18
    at invokeCallback (/home/simo/lib/node_modules/keystone/node_modules/es6-promise/dist/es6-promise.js:408:15)
    at publish (/home/simo/lib/node_modules/keystone/node_modules/es6-promise/dist/es6-promise.js:391:7)
    at flush (/home/simo/lib/node_modules/keystone/node_modules/es6-promise/dist/es6-promise.js:128:5)
    at _combinedTickCallback (internal/process/next_tick.js:131:7)
    at process._tickDomainCallback (internal/process/next_tick.js:218:9)
15-06 18:33:33.398: Mongoose model 'error' event fired on 'Client' with error:
 No matching document found for id "5dd673b14db04d1938e91026" version 565 modifiedPaths "clientIps, modifiedDate, image" Error
    at model.wrappedPointCut [as save] (/home/simo/lib/node_modules/keystone/node_modules/mongoose/lib/services/model/applyHooks.js:131:29)
    at keystone.list.model.findOne.exec (/home/simo/app/routes/middleware.js:413:28)
    at /home/simo/lib/node_modules/keystone/node_modules/mongoose/lib/query.js:3118:18
    at invokeCallback (/home/simo/lib/node_modules/keystone/node_modules/es6-promise/dist/es6-promise.js:408:15)
    at publish (/home/simo/lib/node_modules/keystone/node_modules/es6-promise/dist/es6-promise.js:391:7)
    at flush (/home/simo/lib/node_modules/keystone/node_modules/es6-promise/dist/es6-promise.js:128:5)
    at _combinedTickCallback (internal/process/next_tick.js:131:7)
    at process._tickDomainCallback (internal/process/next_tick.js:218:9)
15-06 18:33:33.537: Mongoose model 'error' event fired on 'Client' with error:
 No matching document found for id "5dd673b14db04d1938e91026" version 565 modifiedPaths "clientIps, modifiedDate, image" Error
    at model.wrappedPointCut [as save] (/home/simo/lib/node_modules/keystone/node_modules/mongoose/lib/services/model/applyHooks.js:131:29)
    at keystone.list.model.findOne.exec (/home/simo/app/routes/middleware.js:413:28)
    at /home/simo/lib/node_modules/keystone/node_modules/mongoose/lib/query.js:3118:18
    at invokeCallback (/home/simo/lib/node_modules/keystone/node_modules/es6-promise/dist/es6-promise.js:408:15)
    at publish (/home/simo/lib/node_modules/keystone/node_modules/es6-promise/dist/es6-promise.js:391:7)
    at flush (/home/simo/lib/node_modules/keystone/node_modules/es6-promise/dist/es6-promise.js:128:5)
    at _combinedTickCallback (internal/process/next_tick.js:131:7)
    at process._tickDomainCallback (internal/process/next_tick.js:218:9)
15-06 18:33:33.899: Mongoose model 'error' event fired on 'Client' with error:
 No matching document found for id "5dd673b14db04d1938e91026" version 565 modifiedPaths "clientIps, modifiedDate, image" Error
    at model.wrappedPointCut [as save] (/home/simo/lib/node_modules/keystone/node_modules/mongoose/lib/services/model/applyHooks.js:131:29)
    at keystone.list.model.findOne.exec (/home/simo/app/routes/middleware.js:413:28)
    at /home/simo/lib/node_modules/keystone/node_modules/mongoose/lib/query.js:3118:18
    at invokeCallback (/home/simo/lib/node_modules/keystone/node_modules/es6-promise/dist/es6-promise.js:408:15)
    at publish (/home/simo/lib/node_modules/keystone/node_modules/es6-promise/dist/es6-promise.js:391:7)
    at flush (/home/simo/lib/node_modules/keystone/node_modules/es6-promise/dist/es6-promise.js:128:5)
    at _combinedTickCallback (internal/process/next_tick.js:131:7)
    at process._tickDomainCallback (internal/process/next_tick.js:218:9)
You have triggered an unhandledRejection, you may have forgotten to catch a Promise rejection:
[object Object]
15-06 23:13:24.174: Document conflict! ,sale-018b88a066c34f4c9155f3879ea3b62c,3-c0a200eb-107c-4b35-aa8d-fcc46d7613a6,2.0001-64706c7e-76b8-40c5-a968-3294a99e3402
15-06 23:20:34.059: Document conflict! ,sale-018b88a066c34f4c9155f3879ea3b62c,4-e87fead1-a394-47c4-99dd-d03c9b91129a,3-c0a200eb-107c-4b35-aa8d-fcc46d7613a6
15-06 23:20:34.216: Document conflict! ,sale-018b88a066c34f4c9155f3879ea3b62c,4-e87fead1-a394-47c4-99dd-d03c9b91129a,3-c0a200eb-107c-4b35-aa8d-fcc46d7613a6
15-06 23:20:34.749: Document conflict! ,sale-bc4d73a2677449c3a5b6a5f921bdb617,6-6542ca7d-ec07-4b04-b69e-729f43c6e33e,5-a5263eb5-c68e-41ae-8f69-ae6d577d044d
15-06 23:20:34.751: Document conflict! ,sale-226dd2a8dbd2412a94933a39e9556566,3-a62b0a1b-1ec5-4952-a533-a92da1b77e12,2-57ae7506-09b3-455c-ba1b-4d680b561d7a
15-06 23:20:34.783: Document conflict! ,sale-226dd2a8dbd2412a94933a39e9556566,3-a62b0a1b-1ec5-4952-a533-a92da1b77e12,2-57ae7506-09b3-455c-ba1b-4d680b561d7a
15-06 23:29:08.280: Document conflict! ,sale-018b88a066c34f4c9155f3879ea3b62c,6-feef3a51-89b5-40d5-be40-95677a5f7186,5-e87fead1-a394-47c4-99dd-d03c9b91129a
15-06 23:29:08.309: Document conflict! ,sale-018b88a066c34f4c9155f3879ea3b62c,6-feef3a51-89b5-40d5-be40-95677a5f7186,5-e87fead1-a394-47c4-99dd-d03c9b91129a
15-06 23:29:08.985: SyntaxError: Unexpected end of JSON input
    at JSON.parse (<anonymous>)
    at getAll (/home/simo/app/helpers/LocalStorage.js:36:24)
    at LocalStorage.self.save (/home/simo/app/helpers/LocalStorage.js:92:19)
    at /home/simo/app/routes/apis/index.js:68:8
    at Layer.handle [as handle_request] (/home/simo/lib/node_modules/keystone/node_modules/express/lib/router/layer.js:95:5)
    at next (/home/simo/lib/node_modules/keystone/node_modules/express/lib/router/route.js:137:13)
    at Route.dispatch (/home/simo/lib/node_modules/keystone/node_modules/express/lib/router/route.js:112:3)
    at Layer.handle [as handle_request] (/home/simo/lib/node_modules/keystone/node_modules/express/lib/router/layer.js:95:5)
    at /home/simo/lib/node_modules/keystone/node_modules/express/lib/router/index.js:281:22
    at param (/home/simo/lib/node_modules/keystone/node_modules/express/lib/router/index.js:354:14)
    at param (/home/simo/lib/node_modules/keystone/node_modules/express/lib/router/index.js:365:14)
    at Function.process_params (/home/simo/lib/node_modules/keystone/node_modules/express/lib/router/index.js:410:3)
    at next (/home/simo/lib/node_modules/keystone/node_modules/express/lib/router/index.js:275:10)
    at Function.handle (/home/simo/lib/node_modules/keystone/node_modules/express/lib/router/index.js:174:3)
    at router (/home/simo/lib/node_modules/keystone/node_modules/express/lib/router/index.js:47:12)
    at Layer.handle [as handle_request] (/home/simo/lib/node_modules/keystone/node_modules/express/lib/router/layer.js:95:5)
    at trim_prefix (/home/simo/lib/node_modules/keystone/node_modules/express/lib/router/index.js:317:13)
    at /home/simo/lib/node_modules/keystone/node_modules/express/lib/router/index.js:284:7
    at Function.process_params (/home/simo/lib/node_modules/keystone/node_modules/express/lib/router/index.js:335:12)
    at next (/home/simo/lib/node_modules/keystone/node_modules/express/lib/router/index.js:275:10)
    at exports.initLocals (/home/simo/app/routes/middleware-api.js:176:45)
    at Layer.handle [as handle_request] (/home/simo/lib/node_modules/keystone/node_modules/express/lib/router/layer.js:95:5)
    at trim_prefix (/home/simo/lib/node_modules/keystone/node_modules/express/lib/router/index.js:317:13)
    at /home/simo/lib/node_modules/keystone/node_modules/express/lib/router/index.js:284:7
    at Function.process_params (/home/simo/lib/node_modules/keystone/node_modules/express/lib/router/index.js:335:12)
    at next (/home/simo/lib/node_modules/keystone/node_modules/express/lib/router/index.js:275:10)
    at err (/home/simo/app/routes/middleware.js:352:20)
    at setAppUser.then.user (/home/simo/app/routes/middleware.js:445:31)
    at <anonymous>
    at process._tickDomainCallback (internal/process/next_tick.js:228:7)
15-06 23:29:08.991: Document conflict! ,sale-bc4d73a2677449c3a5b6a5f921bdb617,8-bc4a8d7d-d0a4-4fa3-8dc6-0806bd807439,7-6542ca7d-ec07-4b04-b69e-729f43c6e33e
15-06 23:29:09.017: Document conflict! ,sale-226dd2a8dbd2412a94933a39e9556566,5-3bca7ef7-b27b-4f7f-9245-ef03376b1b28,4-a62b0a1b-1ec5-4952-a533-a92da1b77e12
15-06 23:29:09.052: Document conflict! ,sale-bc4d73a2677449c3a5b6a5f921bdb617,8-bc4a8d7d-d0a4-4fa3-8dc6-0806bd807439,7-6542ca7d-ec07-4b04-b69e-729f43c6e33e
15-06 23:50:25.811: Document conflict! ,sale-018b88a066c34f4c9155f3879ea3b62c,7-07c45fda-90cb-4f92-8010-79cedc65ef55,6-feef3a51-89b5-40d5-be40-95677a5f7186
15-06 23:50:27.087: Document conflict! ,sale-bc4d73a2677449c3a5b6a5f921bdb617,9-5385c9eb-ba43-4716-ae00-c6580bcdb018,8-bc4a8d7d-d0a4-4fa3-8dc6-0806bd807439
15-06 23:50:27.098: Document conflict! ,sale-226dd2a8dbd2412a94933a39e9556566,6-016acf98-3a8e-40cf-9b49-c3b49b40f295,5-3bca7ef7-b27b-4f7f-9245-ef03376b1b28
15-06 23:50:27.131: Document conflict! ,sale-018b88a066c34f4c9155f3879ea3b62c,7-07c45fda-90cb-4f92-8010-79cedc65ef55,6-feef3a51-89b5-40d5-be40-95677a5f7186
15-06 23:50:27.682: Document conflict! ,sale-bc4d73a2677449c3a5b6a5f921bdb617,9-5385c9eb-ba43-4716-ae00-c6580bcdb018,8-bc4a8d7d-d0a4-4fa3-8dc6-0806bd807439
15-06 23:50:27.691: Document conflict! ,sale-226dd2a8dbd2412a94933a39e9556566,6-016acf98-3a8e-40cf-9b49-c3b49b40f295,5-3bca7ef7-b27b-4f7f-9245-ef03376b1b28
16-06 00:00:08.214: Document conflict! ,sale-018b88a066c34f4c9155f3879ea3b62c,8-8fc547a4-d4e2-4806-988c-1fb7061ed423,7-07c45fda-90cb-4f92-8010-79cedc65ef55
16-06 00:00:09.068: Document conflict! ,sale-bc4d73a2677449c3a5b6a5f921bdb617,10-11da938f-2d05-4c82-8e9b-f988f136d3f1,9-5385c9eb-ba43-4716-ae00-c6580bcdb018
16-06 00:00:09.162: Document conflict! ,sale-bc4d73a2677449c3a5b6a5f921bdb617,10-11da938f-2d05-4c82-8e9b-f988f136d3f1,9-5385c9eb-ba43-4716-ae00-c6580bcdb018
16-06 00:00:09.204: Document conflict! ,sale-018b88a066c34f4c9155f3879ea3b62c,8-8fc547a4-d4e2-4806-988c-1fb7061ed423,7-07c45fda-90cb-4f92-8010-79cedc65ef55
16-06 00:00:09.875: Document conflict! ,sale-226dd2a8dbd2412a94933a39e9556566,7-e9d6daf4-ef65-4ae2-92ba-949d69cea816,6-016acf98-3a8e-40cf-9b49-c3b49b40f295
16-06 10:18:05.400: Mongoose model 'error' event fired on 'Product' with error:
 No matching document found for id "5b48e934bdd218570be6210d" version 611 modifiedPaths "popularity, modifiedDate, tags" Error
    at model.wrappedPointCut [as save] (/home/simo/lib/node_modules/keystone/node_modules/mongoose/lib/services/model/applyHooks.js:131:29)
    at model.<anonymous> (/home/simo/app/models/Product.js:350:44)
    at Timeout.throttler [as _onTimeout] (/home/simo/app/helpers/polyfills.js:239:32)
    at ontimeout (timers.js:469:11)
    at tryOnTimeout (timers.js:304:5)
    at Timer.listOnTimeout (timers.js:264:5)
You have triggered an unhandledRejection, you may have forgotten to catch a Promise rejection:
Error
    at model.wrappedPointCut [as save] (/home/simo/lib/node_modules/keystone/node_modules/mongoose/lib/services/model/applyHooks.js:131:29)
    at model.<anonymous> (/home/simo/app/models/Product.js:350:44)
    at Timeout.throttler [as _onTimeout] (/home/simo/app/helpers/polyfills.js:239:32)
    at ontimeout (timers.js:469:11)
    at tryOnTimeout (timers.js:304:5)
    at Timer.listOnTimeout (timers.js:264:5)
16-06 13:42:13.569: Got no client from session: NRzy0H3dfC2gDBkXBPCd7h74Azs1K_td
16-06 13:42:13.571: Got no client from session: r6epYK1wzeqSH5dOPAcDrPYF01EQUz4O
16-06 13:42:13.585: Got no client from session: Pw1TpQemAZM9wYHpgGOCX_myQ9IPfXNK
16-06 13:42:13.591: Got no client from session: tAuP8HKodtAUl2KFBgLI-vdtPcYSfTtW
16-06 13:42:13.602: Got no client from session: PTusAncp_ZCNYa5W6c5drpZ4KJHxAwQP
16-06 13:42:13.608: Got no client from session: LapjMpSQdHW39anOMfv1tq4U6XFxjPFp
16-06 13:42:13.621: Got no client from session: hVfGuf5KJInBvpzSJOqVGZsro5k2WY5Q
16-06 13:42:13.623: Got no client from session: 2Mox5H2n-bzVVuF9zJgjSi4y0m89G9FT
16-06 13:42:13.626: Got no client from session: IMdzeFPjgbYRcJPo3CgqPkt5gcrzN-bP
16-06 13:42:13.627: Got no client from session: RUF_UUW0Wzvh3jYY8Y2dG05DNqFq2IQ2
16-06 13:42:13.628: Got no client from session: ffBdsQLASliVQI2RHc5p7WGdhsta9SUv
16-06 13:42:13.631: Got no client from session: _lHfHHxsybVZAHblWfPs1ihXS9zRrocW
16-06 13:42:13.635: Got no client from session: tIU7n9eKuxB38zEmrTbSS6oeXPCoOboy
16-06 13:42:13.641: Got no client from session: nh8s6u1KAZcS7ZSnLa9rc0gLmGsL8PRf
16-06 13:42:13.644: Got no client from session: 9lTWqM9c91CBiVullBbsxUQ4mV-UuQfw
16-06 13:42:13.647: Got no client from session: Qy8fsKEddZR7Itcd-fyEu5tFQ0fWW6AF
16-06 13:42:13.652: Got no client from session: X_OhaqxPEAMZFggt1JBtwZN4I0DyZ6Yk
16-06 13:42:13.655: Got no client from session: bDEMNLworuAvP_CVNKrSRZGz8bBOdqRc
16-06 13:42:13.667: Got no client from session: zDPP7zGU7je_x3GfiTOlbKEh9vHSHjPj
16-06 13:42:13.673: Got no client from session: i4bbpioNCGSz7sIEld0tywG_igqo3DZZ
16-06 13:42:13.673: Got no client from session: Y5mVJ2NQmHeWUcn_BfZlBI7v3E21VjH2
16-06 13:42:13.674: Got no client from session: tHlfkcrkpdNUqvPjBrJ2nJdyrRzsS8v3
16-06 13:42:13.678: Got no client from session: h7GLfpt72WNT_ascnlsShFdASe_NqBeT
16-06 13:42:13.685: Got no client from session: yEhNmmVwp0GRoI59vpcPIzn3hutIE6_P
16-06 13:42:13.687: Got no client from session: SZcabh1AG3B_1U28NPt3zEhWcdamPMtJ
16-06 13:42:13.690: Got no client from session: g9m7-1fxBfQJbQY8Tsy7m0h3giLzlzhl
16-06 13:42:13.698: Got no client from session: ZU47btvDGWHqDOp71QQPVEkEIUFSPzVp
16-06 13:42:13.701: Got no client from session: pLo6HVokpTGkrMppUPQaPNiUmsLNW2hN
16-06 13:42:13.703: Got no client from session: 2PsQ5b3zfJHLp0iFQx8AFtwNmoEuz7mi
16-06 13:42:13.704: Got no client from session: leoYBJm-ObWCB7kAs5pttNr6ewp1pz7N
16-06 13:42:13.712: Got no client from session: ucpdxSHhPkQEiiy3HFnKC6e-GkoaQtYd
16-06 13:42:13.715: Got no client from session: fcC9LBcCqyK7CvNxPqs0FiIR_RhPU_Wx
16-06 13:42:13.718: Got no client from session: GnSzlRYI9HnsGEJaauZa01y1Zg4KnWhh
16-06 13:42:13.722: Got no client from session: bDYYBypIQWjENZR8Qr_B-gx6iMnvGQ4I
16-06 13:42:13.723: Got no client from session: kQ0V9FuOcP1Nr93YRtTq5Bv5AoYpmwuO
16-06 13:42:13.726: Got no client from session: ymhMPKnPlJDhBl49lnoKbw-mcjjaS9LJ
16-06 13:42:13.735: Got no client from session: 8ToXE3FDhshnT6CB-YqEw2hM3zF2MGen
16-06 13:42:13.739: Got no client from session: GHiWu5_KkKJt0mKbnx_X1TFvmpDuQR_8
16-06 13:42:13.742: Got no client from session: MugqeMQbzlzYk4MEN9Pi38RFfAImr852
16-06 13:42:13.746: Got no client from session: mBgPCCPAMqrI1gvrv4Fovq_9TObje-7I
16-06 13:42:13.747: Got no client from session: HgcfKjrEM2AjDgTOQ-64hG7B4ezicFO1
16-06 13:42:13.751: Got no client from session: OtKaiwwQjTFc0VHVvrfNt4JeiMbrjSyl
16-06 13:42:13.754: Got no client from session: PN1bmaLzNoH_0uL8NBDP5mM1A6cjXSDL
16-06 13:42:13.758: Got no client from session: 1efgIV_yXi9T47ynLr71Iw7QsrGl6zkP
16-06 13:42:13.760: Got no client from session: Z3DsMF7BXByphb1jTToQVKJiczHx6l5M
16-06 13:42:13.763: Got no client from session: uU8t39vCTDtPDwruTDzmj9rzSjFKggKg
16-06 13:42:13.765: Got no client from session: ywYfOH9DSMNshYC4TWvQnSYZLeUHpKWk
16-06 13:42:13.767: Got no client from session: wm9rTSQqfSPpsrPyVtWnPTiSKIjPg9oX
16-06 13:42:13.782: Got no client from session: jnUG4iVW2Sp-0iDHBnTDKfVI-tL6SE19
16-06 13:42:13.782: Got no client from session: Dhj123DbwCrxYsBIq2i4Km17fqGuhnO_
16-06 13:42:13.783: Got no client from session: YWIRDTTUlS1kYldFdT4E6gJk660C9IxM
16-06 13:42:13.786: Got no client from session: JczzfY-gHAalhhxs01Jgfnv8GJ4Jbc5b
16-06 13:42:13.794: Got no client from session: OWLseIA71vv6Ne29JzjDTxaEmMh6tRP9
16-06 13:42:13.796: Got no client from session: ROq5DocN6gBcC8yVPi4CFaEb4IVltbv3
16-06 13:42:13.797: Got no client from session: B-pOAOCVKpP2Geb_zFl8o23U1gpsKF3C
16-06 13:42:13.806: Got no client from session: TfqVRnWKlIpVJSVOFtr2aT2S4kenanZN
16-06 13:42:13.809: Got no client from session: SasoxfHDStGnW8OEbrAI2suX7G-eife6
16-06 13:42:13.814: Got no client from session: did-aXdHJR3axvjs7IveHL7LcCnh7_4v
16-06 13:42:13.818: Got no client from session: _14Eh3znq-II4Fu-_7Vok5hzr_zfBsHu
16-06 13:42:13.830: Got no client from session: QwxbXzsKBnAgGhBzdX92CRTWMHXnuX5J
16-06 13:42:13.834: Got no client from session: qyzMytr8EB8y7XHT1jpjELOPp1ovAADU
16-06 13:42:13.838: Got no client from session: wn1TFJ6J5Ee3G-nA3mTQWsuU9ECqy-Ik
16-06 13:42:13.839: Got no client from session: B4COFRevW9cTkzj4IMXljldQejqMNBjV
16-06 13:42:13.842: Got no client from session: UqlKW7t7iBZrXLECN_6Qw7bQnWW3WjIh
16-06 13:42:13.850: Got no client from session: 4zhcDuI7Mnhj0PxQmWFs9FsksdrziBk9
16-06 13:42:13.861: Got no client from session: fpsMfRQWhG8pN0RpNP-qGIneJ-ffqdMK
16-06 13:42:13.863: Got no client from session: hFW4NMgenZazjowgQf0OusO1JCdmV4o5
16-06 13:42:13.870: Got no client from session: G1vKwfMahR_0RP01UZ6ySzZ0dl09JBWW
16-06 13:42:13.874: Got no client from session: dAdDk4_O8eebalLtqblXHsZKT_5q4Iaa
16-06 13:42:13.876: Got no client from session: jA1OTxtOpQsSSJxt1ad5W6lPz3bi_koL
16-06 13:42:13.877: Got no client from session: wVknJ34LmDkb8Asl_-P9OiHBxWtYQHoB
16-06 13:42:13.884: Got no client from session: 5K4s5uZ0vdOS1xts4zOwXP_RiYRfHvT9
16-06 13:42:13.890: Got no client from session: DX60FHmV91arE39KK9gtmZ6KwhuHcM0z
16-06 13:42:13.893: Got no client from session: dzk72l8uw-XAWA3EZwx2QQClVta_7IkJ
16-06 13:42:13.898: Got no client from session: xYiZgP64fF5mtXS-y_C0A_-4_glvGPac
16-06 13:42:13.908: Got no client from session: XrZ5yAbESPIp1W8L-_UiFGqkHTXE36w0
16-06 13:42:13.909: Got no client from session: hUNv3jg0bJYFj8nPRMWMvHXIh1-9yKaa
16-06 13:42:13.918: Got no client from session: 7MJdqAxcM2qfOr6g_iSCzTpwIk5LwekQ
16-06 13:42:13.923: Got no client from session: t9Ev20Lgnxzbn0JwRvZl9ZQJZR8gAHO6
16-06 13:42:13.927: Got no client from session: d_7uvgAmA34dWZGAKVFkRSe4Q7Jxsv6j
16-06 13:42:13.938: Got no client from session: sJ2Y5LDyCo60F33T1xHBLl629UpJUXHw
16-06 13:42:13.941: Got no client from session: S69ehovlJikNinPwxIt_YaAUKQHa44Z4
16-06 13:42:13.943: Got no client from session: CUeyXLjfEZcvNXCrL5E8JTLASnUxKj8V
16-06 13:42:13.951: Got no client from session: rvmTo4XaSYlEGPwsHoPSiVqcGVVY4MmM
16-06 13:42:14.052: Mongoose model 'error' event fired on 'ClientNotification' with error:
 Cannot read property 'scheduleDate' of undefined TypeError: Cannot read property 'scheduleDate' of undefined
    at notifications.max.n (/home/simo/app/workers/PendingCartItemsNotifier.js:100:76)
    at Array.max (/home/simo/app/helpers/polyfills.js:609:16)
    at ClientNotification.model.find.exec (/home/simo/app/workers/PendingCartItemsNotifier.js:100:66)
    at /home/simo/lib/node_modules/keystone/node_modules/mongoose/lib/query.js:3118:18
    at invokeCallback (/home/simo/lib/node_modules/keystone/node_modules/es6-promise/dist/es6-promise.js:408:15)
    at publish (/home/simo/lib/node_modules/keystone/node_modules/es6-promise/dist/es6-promise.js:391:7)
    at flush (/home/simo/lib/node_modules/keystone/node_modules/es6-promise/dist/es6-promise.js:128:5)
    at _combinedTickCallback (internal/process/next_tick.js:131:7)
    at process._tickDomainCallback (internal/process/next_tick.js:218:9)
16-06 13:42:14.848: Error sendin FCM! {"multicast_id":5509656456139859929,"success":0,"failure":1,"canonical_ids":0,"results":[{"error":"NotRegistered"}]}
16-06 13:42:14.848: No promises resolved successfully.
16-06 13:42:14.919: No promises resolved successfully.
16-06 13:52:47.819: Mongoose model 'error' event fired on 'Client' with error:
 No matching document found for id "5dd673b14db04d1938e91026" version 566 modifiedPaths "clientIps, modifiedDate, image" Error
    at model.wrappedPointCut [as save] (/home/simo/lib/node_modules/keystone/node_modules/mongoose/lib/services/model/applyHooks.js:131:29)
    at keystone.list.model.findOne.exec (/home/simo/app/routes/middleware.js:413:28)
    at /home/simo/lib/node_modules/keystone/node_modules/mongoose/lib/query.js:3118:18
    at invokeCallback (/home/simo/lib/node_modules/keystone/node_modules/es6-promise/dist/es6-promise.js:408:15)
    at publish (/home/simo/lib/node_modules/keystone/node_modules/es6-promise/dist/es6-promise.js:391:7)
    at flush (/home/simo/lib/node_modules/keystone/node_modules/es6-promise/dist/es6-promise.js:128:5)
    at _combinedTickCallback (internal/process/next_tick.js:131:7)
    at process._tickDomainCallback (internal/process/next_tick.js:218:9)
16-06 13:52:47.904: Mongoose model 'error' event fired on 'Client' with error:
 No matching document found for id "5dd673b14db04d1938e91026" version 566 modifiedPaths "clientIps, modifiedDate, image" Error
    at model.wrappedPointCut [as save] (/home/simo/lib/node_modules/keystone/node_modules/mongoose/lib/services/model/applyHooks.js:131:29)
    at keystone.list.model.findOne.exec (/home/simo/app/routes/middleware.js:413:28)
    at /home/simo/lib/node_modules/keystone/node_modules/mongoose/lib/query.js:3118:18
    at invokeCallback (/home/simo/lib/node_modules/keystone/node_modules/es6-promise/dist/es6-promise.js:408:15)
    at publish (/home/simo/lib/node_modules/keystone/node_modules/es6-promise/dist/es6-promise.js:391:7)
    at flush (/home/simo/lib/node_modules/keystone/node_modules/es6-promise/dist/es6-promise.js:128:5)
    at _combinedTickCallback (internal/process/next_tick.js:131:7)
    at process._tickDomainCallback (internal/process/next_tick.js:218:9)
16-06 13:52:47.994: Mongoose model 'error' event fired on 'Client' with error:
 No matching document found for id "5dd673b14db04d1938e91026" version 566 modifiedPaths "clientIps, modifiedDate, image" Error
    at model.wrappedPointCut [as save] (/home/simo/lib/node_modules/keystone/node_modules/mongoose/lib/services/model/applyHooks.js:131:29)
    at keystone.list.model.findOne.exec (/home/simo/app/routes/middleware.js:413:28)
    at /home/simo/lib/node_modules/keystone/node_modules/mongoose/lib/query.js:3118:18
    at invokeCallback (/home/simo/lib/node_modules/keystone/node_modules/es6-promise/dist/es6-promise.js:408:15)
    at publish (/home/simo/lib/node_modules/keystone/node_modules/es6-promise/dist/es6-promise.js:391:7)
    at flush (/home/simo/lib/node_modules/keystone/node_modules/es6-promise/dist/es6-promise.js:128:5)
    at _combinedTickCallback (internal/process/next_tick.js:131:7)
    at process._tickDomainCallback (internal/process/next_tick.js:218:9)
16-06 13:52:48.065: Mongoose model 'error' event fired on 'Client' with error:
 No matching document found for id "5dd673b14db04d1938e91026" version 566 modifiedPaths "clientIps, modifiedDate, image" Error
    at model.wrappedPointCut [as save] (/home/simo/lib/node_modules/keystone/node_modules/mongoose/lib/services/model/applyHooks.js:131:29)
    at keystone.list.model.findOne.exec (/home/simo/app/routes/middleware.js:413:28)
    at /home/simo/lib/node_modules/keystone/node_modules/mongoose/lib/query.js:3118:18
    at invokeCallback (/home/simo/lib/node_modules/keystone/node_modules/es6-promise/dist/es6-promise.js:408:15)
    at publish (/home/simo/lib/node_modules/keystone/node_modules/es6-promise/dist/es6-promise.js:391:7)
    at flush (/home/simo/lib/node_modules/keystone/node_modules/es6-promise/dist/es6-promise.js:128:5)
    at _combinedTickCallback (internal/process/next_tick.js:131:7)
    at process._tickDomainCallback (internal/process/next_tick.js:218:9)
16-06 13:55:20.366: SyntaxError: Unexpected end of JSON input
    at JSON.parse (<anonymous>)
    at getAll (/home/simo/app/helpers/LocalStorage.js:36:24)
    at LocalStorage.self.getAll (/home/simo/app/helpers/LocalStorage.js:154:19)
    at AppUser.model.find.exec (/home/simo/app/models/AppUser.js:258:35)
    at /home/simo/lib/node_modules/keystone/node_modules/mongoose/lib/query.js:3118:18
    at invokeCallback (/home/simo/lib/node_modules/keystone/node_modules/es6-promise/dist/es6-promise.js:408:15)
    at publish (/home/simo/lib/node_modules/keystone/node_modules/es6-promise/dist/es6-promise.js:391:7)
    at flush (/home/simo/lib/node_modules/keystone/node_modules/es6-promise/dist/es6-promise.js:128:5)
    at _combinedTickCallback (internal/process/next_tick.js:131:7)
    at process._tickDomainCallback (internal/process/next_tick.js:218:9)
16-06 13:55:20.378: SyntaxError: Unexpected end of JSON input
    at JSON.parse (<anonymous>)
    at getAll (/home/simo/app/helpers/LocalStorage.js:36:24)
    at LocalStorage.self.save (/home/simo/app/helpers/LocalStorage.js:92:19)
    at AppUser.model.findOne.exec (/home/simo/app/models/AppUser.js:324:20)
    at /home/simo/lib/node_modules/keystone/node_modules/mongoose/lib/query.js:3118:18
    at invokeCallback (/home/simo/lib/node_modules/keystone/node_modules/es6-promise/dist/es6-promise.js:408:15)
    at publish (/home/simo/lib/node_modules/keystone/node_modules/es6-promise/dist/es6-promise.js:391:7)
    at flush (/home/simo/lib/node_modules/keystone/node_modules/es6-promise/dist/es6-promise.js:128:5)
    at _combinedTickCallback (internal/process/next_tick.js:131:7)
    at process._tickDomainCallback (internal/process/next_tick.js:218:9)
16-06 17:10:20.522: No matching user found!
16-06 17:10:20.895: No matching user found!
16-06 17:10:21.263: No matching user found!
16-06 17:10:21.634: No matching user found!
16-06 17:10:21.994: No matching user found!
16-06 17:10:23.089: No matching user found!
16-06 17:10:23.454: No matching user found!
16-06 17:21:44.455: (node:16939) [DEP0013] DeprecationWarning: Calling an asynchronous function without callback is deprecated.
16-06 18:14:32.176: Mongoose model 'error' event fired on 'Product' with error:
 No matching document found for id "5c8f6f41643b0c190c35ec98" version 1024 modifiedPaths "popularity, modifiedDate, tags" Error
    at model.wrappedPointCut [as save] (/home/simo/lib/node_modules/keystone/node_modules/mongoose/lib/services/model/applyHooks.js:131:29)
    at model.<anonymous> (/home/simo/app/models/Product.js:350:44)
    at Timeout.throttler [as _onTimeout] (/home/simo/app/helpers/polyfills.js:239:32)
    at ontimeout (timers.js:469:11)
    at tryOnTimeout (timers.js:304:5)
    at Timer.listOnTimeout (timers.js:264:5)
You have triggered an unhandledRejection, you may have forgotten to catch a Promise rejection:
Error
    at model.wrappedPointCut [as save] (/home/simo/lib/node_modules/keystone/node_modules/mongoose/lib/services/model/applyHooks.js:131:29)
    at model.<anonymous> (/home/simo/app/models/Product.js:350:44)
    at Timeout.throttler [as _onTimeout] (/home/simo/app/helpers/polyfills.js:239:32)
    at ontimeout (timers.js:469:11)
    at tryOnTimeout (timers.js:304:5)
    at Timer.listOnTimeout (timers.js:264:5)
17-06 00:31:21.929: Mongoose model 'error' event fired on 'Client' with error:
 No matching document found for id "5dd673b14db04d1938e91026" version 567 modifiedPaths "clientIps, modifiedDate, image" Error
    at model.wrappedPointCut [as save] (/home/simo/lib/node_modules/keystone/node_modules/mongoose/lib/services/model/applyHooks.js:131:29)
    at keystone.list.model.findOne.exec (/home/simo/app/routes/middleware.js:413:28)
    at /home/simo/lib/node_modules/keystone/node_modules/mongoose/lib/query.js:3118:18
    at invokeCallback (/home/simo/lib/node_modules/keystone/node_modules/es6-promise/dist/es6-promise.js:408:15)
    at publish (/home/simo/lib/node_modules/keystone/node_modules/es6-promise/dist/es6-promise.js:391:7)
    at flush (/home/simo/lib/node_modules/keystone/node_modules/es6-promise/dist/es6-promise.js:128:5)
    at _combinedTickCallback (internal/process/next_tick.js:131:7)
    at process._tickDomainCallback (internal/process/next_tick.js:218:9)
17-06 00:31:22.044: Mongoose model 'error' event fired on 'Client' with error:
 No matching document found for id "5dd673b14db04d1938e91026" version 567 modifiedPaths "clientIps, modifiedDate, image" Error
    at model.wrappedPointCut [as save] (/home/simo/lib/node_modules/keystone/node_modules/mongoose/lib/services/model/applyHooks.js:131:29)
    at keystone.list.model.findOne.exec (/home/simo/app/routes/middleware.js:413:28)
    at /home/simo/lib/node_modules/keystone/node_modules/mongoose/lib/query.js:3118:18
    at invokeCallback (/home/simo/lib/node_modules/keystone/node_modules/es6-promise/dist/es6-promise.js:408:15)
    at publish (/home/simo/lib/node_modules/keystone/node_modules/es6-promise/dist/es6-promise.js:391:7)
    at flush (/home/simo/lib/node_modules/keystone/node_modules/es6-promise/dist/es6-promise.js:128:5)
    at _combinedTickCallback (internal/process/next_tick.js:131:7)
    at process._tickDomainCallback (internal/process/next_tick.js:218:9)
17-06 00:31:22.082: Mongoose model 'error' event fired on 'Client' with error:
 No matching document found for id "5dd673b14db04d1938e91026" version 567 modifiedPaths "clientIps, modifiedDate, image" Error
    at model.wrappedPointCut [as save] (/home/simo/lib/node_modules/keystone/node_modules/mongoose/lib/services/model/applyHooks.js:131:29)
    at keystone.list.model.findOne.exec (/home/simo/app/routes/middleware.js:413:28)
    at /home/simo/lib/node_modules/keystone/node_modules/mongoose/lib/query.js:3118:18
    at invokeCallback (/home/simo/lib/node_modules/keystone/node_modules/es6-promise/dist/es6-promise.js:408:15)
    at publish (/home/simo/lib/node_modules/keystone/node_modules/es6-promise/dist/es6-promise.js:391:7)
    at flush (/home/simo/lib/node_modules/keystone/node_modules/es6-promise/dist/es6-promise.js:128:5)
    at _combinedTickCallback (internal/process/next_tick.js:131:7)
    at process._tickDomainCallback (internal/process/next_tick.js:218:9)
17-06 00:31:22.188: Mongoose model 'error' event fired on 'Client' with error:
 No matching document found for id "5dd673b14db04d1938e91026" version 567 modifiedPaths "clientIps, modifiedDate, image" Error
    at model.wrappedPointCut [as save] (/home/simo/lib/node_modules/keystone/node_modules/mongoose/lib/services/model/applyHooks.js:131:29)
    at keystone.list.model.findOne.exec (/home/simo/app/routes/middleware.js:413:28)
    at /home/simo/lib/node_modules/keystone/node_modules/mongoose/lib/query.js:3118:18
    at invokeCallback (/home/simo/lib/node_modules/keystone/node_modules/es6-promise/dist/es6-promise.js:408:15)
    at publish (/home/simo/lib/node_modules/keystone/node_modules/es6-promise/dist/es6-promise.js:391:7)
    at flush (/home/simo/lib/node_modules/keystone/node_modules/es6-promise/dist/es6-promise.js:128:5)
    at _combinedTickCallback (internal/process/next_tick.js:131:7)
    at process._tickDomainCallback (internal/process/next_tick.js:218:9)
17-06 09:56:50.088: Mongoose model 'error' event fired on 'AppUser' with error:
 user.passwords.push is not a function TypeError: user.passwords.push is not a function
    at AppUser.model.find.exec (/home/simo/app/models/AppUser.js:275:44)
    at /home/simo/lib/node_modules/keystone/node_modules/mongoose/lib/query.js:3118:18
    at invokeCallback (/home/simo/lib/node_modules/keystone/node_modules/es6-promise/dist/es6-promise.js:408:15)
    at publish (/home/simo/lib/node_modules/keystone/node_modules/es6-promise/dist/es6-promise.js:391:7)
    at flush (/home/simo/lib/node_modules/keystone/node_modules/es6-promise/dist/es6-promise.js:128:5)
    at _combinedTickCallback (internal/process/next_tick.js:131:7)
    at process._tickDomainCallback (internal/process/next_tick.js:218:9)
17-06 09:57:01.229: Mongoose model 'error' event fired on 'AppUser' with error:
 user.passwords.push is not a function TypeError: user.passwords.push is not a function
    at AppUser.model.find.exec (/home/simo/app/models/AppUser.js:275:44)
    at /home/simo/lib/node_modules/keystone/node_modules/mongoose/lib/query.js:3118:18
    at invokeCallback (/home/simo/lib/node_modules/keystone/node_modules/es6-promise/dist/es6-promise.js:408:15)
    at publish (/home/simo/lib/node_modules/keystone/node_modules/es6-promise/dist/es6-promise.js:391:7)
    at flush (/home/simo/lib/node_modules/keystone/node_modules/es6-promise/dist/es6-promise.js:128:5)
    at _combinedTickCallback (internal/process/next_tick.js:131:7)
    at process._tickDomainCallback (internal/process/next_tick.js:218:9)
17-06 09:57:35.393: Mongoose model 'error' event fired on 'AppUser' with error:
 user.passwords.push is not a function TypeError: user.passwords.push is not a function
    at AppUser.model.find.exec (/home/simo/app/models/AppUser.js:275:44)
    at /home/simo/lib/node_modules/keystone/node_modules/mongoose/lib/query.js:3118:18
    at invokeCallback (/home/simo/lib/node_modules/keystone/node_modules/es6-promise/dist/es6-promise.js:408:15)
    at publish (/home/simo/lib/node_modules/keystone/node_modules/es6-promise/dist/es6-promise.js:391:7)
    at flush (/home/simo/lib/node_modules/keystone/node_modules/es6-promise/dist/es6-promise.js:128:5)
    at _combinedTickCallback (internal/process/next_tick.js:131:7)
    at process._tickDomainCallback (internal/process/next_tick.js:218:9)
17-06 12:48:14.312: Mongoose model 'error' event fired on 'Client' with error:
 No matching document found for id "5e12134f85e55c7557de83dc" version 13 modifiedPaths "sessions, clientIps, modifiedDate, image" Error
    at model.wrappedPointCut [as save] (/home/simo/lib/node_modules/keystone/node_modules/mongoose/lib/services/model/applyHooks.js:131:29)
    at keystone.list.model.findOne.exec (/home/simo/app/routes/middleware.js:413:28)
    at /home/simo/lib/node_modules/keystone/node_modules/mongoose/lib/query.js:3118:18
    at invokeCallback (/home/simo/lib/node_modules/keystone/node_modules/es6-promise/dist/es6-promise.js:408:15)
    at publish (/home/simo/lib/node_modules/keystone/node_modules/es6-promise/dist/es6-promise.js:391:7)
    at flush (/home/simo/lib/node_modules/keystone/node_modules/es6-promise/dist/es6-promise.js:128:5)
    at _combinedTickCallback (internal/process/next_tick.js:131:7)
    at process._tickDomainCallback (internal/process/next_tick.js:218:9)
17-06 12:48:14.401: Mongoose model 'error' event fired on 'Client' with error:
 No matching document found for id "5e12134f85e55c7557de83dc" version 13 modifiedPaths "sessions, clientIps, modifiedDate, image" Error
    at model.wrappedPointCut [as save] (/home/simo/lib/node_modules/keystone/node_modules/mongoose/lib/services/model/applyHooks.js:131:29)
    at keystone.list.model.findOne.exec (/home/simo/app/routes/middleware.js:413:28)
    at /home/simo/lib/node_modules/keystone/node_modules/mongoose/lib/query.js:3118:18
    at invokeCallback (/home/simo/lib/node_modules/keystone/node_modules/es6-promise/dist/es6-promise.js:408:15)
    at publish (/home/simo/lib/node_modules/keystone/node_modules/es6-promise/dist/es6-promise.js:391:7)
    at flush (/home/simo/lib/node_modules/keystone/node_modules/es6-promise/dist/es6-promise.js:128:5)
    at _combinedTickCallback (internal/process/next_tick.js:131:7)
    at process._tickDomainCallback (internal/process/next_tick.js:218:9)
17-06 12:48:24.524: Mongoose model 'error' event fired on 'Client' with error:
 No matching document found for id "5e12134f85e55c7557de83dc" version 13 modifiedPaths "sessions, clientIps, modifiedDate, image" Error
    at model.wrappedPointCut [as save] (/home/simo/lib/node_modules/keystone/node_modules/mongoose/lib/services/model/applyHooks.js:131:29)
    at keystone.list.model.findOne.exec (/home/simo/app/routes/middleware.js:413:28)
    at /home/simo/lib/node_modules/keystone/node_modules/mongoose/lib/query.js:3118:18
    at invokeCallback (/home/simo/lib/node_modules/keystone/node_modules/es6-promise/dist/es6-promise.js:408:15)
    at publish (/home/simo/lib/node_modules/keystone/node_modules/es6-promise/dist/es6-promise.js:391:7)
    at flush (/home/simo/lib/node_modules/keystone/node_modules/es6-promise/dist/es6-promise.js:128:5)
    at _combinedTickCallback (internal/process/next_tick.js:131:7)
    at process._tickDomainCallback (internal/process/next_tick.js:218:9)
17-06 12:48:24.999: Mongoose model 'error' event fired on 'Client' with error:
 No matching document found for id "5e12134f85e55c7557de83dc" version 13 modifiedPaths "sessions, clientIps, modifiedDate, image" Error
    at model.wrappedPointCut [as save] (/home/simo/lib/node_modules/keystone/node_modules/mongoose/lib/services/model/applyHooks.js:131:29)
    at keystone.list.model.findOne.exec (/home/simo/app/routes/middleware.js:413:28)
    at /home/simo/lib/node_modules/keystone/node_modules/mongoose/lib/query.js:3118:18
    at invokeCallback (/home/simo/lib/node_modules/keystone/node_modules/es6-promise/dist/es6-promise.js:408:15)
    at publish (/home/simo/lib/node_modules/keystone/node_modules/es6-promise/dist/es6-promise.js:391:7)
    at flush (/home/simo/lib/node_modules/keystone/node_modules/es6-promise/dist/es6-promise.js:128:5)
    at _combinedTickCallback (internal/process/next_tick.js:131:7)
    at process._tickDomainCallback (internal/process/next_tick.js:218:9)
17-06 13:42:22.409: Got no client from session: B-pOAOCVKpP2Geb_zFl8o23U1gpsKF3C
17-06 13:42:22.415: Got no client from session: Pw1TpQemAZM9wYHpgGOCX_myQ9IPfXNK
17-06 13:42:22.428: Got no client from session: r6epYK1wzeqSH5dOPAcDrPYF01EQUz4O
17-06 13:42:22.435: Got no client from session: NRzy0H3dfC2gDBkXBPCd7h74Azs1K_td
17-06 13:42:22.441: Got no client from session: bT0FWvlzNdKpbXRewgnb_XUwkhAOfWUs
17-06 13:42:22.450: Got no client from session: hVfGuf5KJInBvpzSJOqVGZsro5k2WY5Q
17-06 13:42:22.454: Got no client from session: LapjMpSQdHW39anOMfv1tq4U6XFxjPFp
17-06 13:42:22.461: Got no client from session: tAuP8HKodtAUl2KFBgLI-vdtPcYSfTtW
17-06 13:42:22.476: Got no client from session: IMdzeFPjgbYRcJPo3CgqPkt5gcrzN-bP
17-06 13:42:22.477: Got no client from session: PTusAncp_ZCNYa5W6c5drpZ4KJHxAwQP
17-06 13:42:22.481: Got no client from session: nh8s6u1KAZcS7ZSnLa9rc0gLmGsL8PRf
17-06 13:42:22.486: Got no client from session: RUF_UUW0Wzvh3jYY8Y2dG05DNqFq2IQ2
17-06 13:42:22.491: Got no client from session: ffBdsQLASliVQI2RHc5p7WGdhsta9SUv
17-06 13:42:22.493: Got no client from session: 9lTWqM9c91CBiVullBbsxUQ4mV-UuQfw
17-06 13:42:22.500: Got no client from session: 2Mox5H2n-bzVVuF9zJgjSi4y0m89G9FT
17-06 13:42:22.503: Got no client from session: tIU7n9eKuxB38zEmrTbSS6oeXPCoOboy
17-06 13:42:22.506: Got no client from session: X_OhaqxPEAMZFggt1JBtwZN4I0DyZ6Yk
17-06 13:42:22.509: Got no client from session: _lHfHHxsybVZAHblWfPs1ihXS9zRrocW
17-06 13:42:22.510: Got no client from session: bDEMNLworuAvP_CVNKrSRZGz8bBOdqRc
17-06 13:42:22.515: Got no client from session: Qy8fsKEddZR7Itcd-fyEu5tFQ0fWW6AF
17-06 13:42:22.520: Got no client from session: zDPP7zGU7je_x3GfiTOlbKEh9vHSHjPj
17-06 13:42:22.524: Got no client from session: yEhNmmVwp0GRoI59vpcPIzn3hutIE6_P
17-06 13:42:22.535: Got no client from session: i4bbpioNCGSz7sIEld0tywG_igqo3DZZ
17-06 13:42:22.541: Got no client from session: h7GLfpt72WNT_ascnlsShFdASe_NqBeT
17-06 13:42:22.543: Got no client from session: leoYBJm-ObWCB7kAs5pttNr6ewp1pz7N
17-06 13:42:22.543: Got no client from session: tHlfkcrkpdNUqvPjBrJ2nJdyrRzsS8v3
17-06 13:42:22.551: Got no client from session: pLo6HVokpTGkrMppUPQaPNiUmsLNW2hN
17-06 13:42:22.555: Got no client from session: Y5mVJ2NQmHeWUcn_BfZlBI7v3E21VjH2
17-06 13:42:22.561: Got no client from session: g9m7-1fxBfQJbQY8Tsy7m0h3giLzlzhl
17-06 13:42:22.562: Got no client from session: SZcabh1AG3B_1U28NPt3zEhWcdamPMtJ
17-06 13:42:22.567: Got no client from session: bDYYBypIQWjENZR8Qr_B-gx6iMnvGQ4I
17-06 13:42:22.571: Got no client from session: 2PsQ5b3zfJHLp0iFQx8AFtwNmoEuz7mi
17-06 13:42:22.574: Got no client from session: ZU47btvDGWHqDOp71QQPVEkEIUFSPzVp
17-06 13:42:22.578: Got no client from session: ucpdxSHhPkQEiiy3HFnKC6e-GkoaQtYd
17-06 13:42:22.581: Got no client from session: kQ0V9FuOcP1Nr93YRtTq5Bv5AoYpmwuO
17-06 13:42:22.586: Got no client from session: GnSzlRYI9HnsGEJaauZa01y1Zg4KnWhh
17-06 13:42:22.592: Got no client from session: fcC9LBcCqyK7CvNxPqs0FiIR_RhPU_Wx
17-06 13:42:22.592: Got no client from session: GHiWu5_KkKJt0mKbnx_X1TFvmpDuQR_8
17-06 13:42:22.595: Got no client from session: HgcfKjrEM2AjDgTOQ-64hG7B4ezicFO1
17-06 13:42:22.598: Got no client from session: ymhMPKnPlJDhBl49lnoKbw-mcjjaS9LJ
17-06 13:42:22.602: Got no client from session: mBgPCCPAMqrI1gvrv4Fovq_9TObje-7I
17-06 13:42:22.608: Got no client from session: PN1bmaLzNoH_0uL8NBDP5mM1A6cjXSDL
17-06 13:42:22.612: Got no client from session: Z3DsMF7BXByphb1jTToQVKJiczHx6l5M
17-06 13:42:22.615: Got no client from session: Dhj123DbwCrxYsBIq2i4Km17fqGuhnO_
17-06 13:42:22.615: Got no client from session: 8ToXE3FDhshnT6CB-YqEw2hM3zF2MGen
17-06 13:42:22.618: Got no client from session: OtKaiwwQjTFc0VHVvrfNt4JeiMbrjSyl
17-06 13:42:22.622: Got no client from session: wm9rTSQqfSPpsrPyVtWnPTiSKIjPg9oX
17-06 13:42:22.624: Got no client from session: MugqeMQbzlzYk4MEN9Pi38RFfAImr852
17-06 13:42:22.634: Got no client from session: uU8t39vCTDtPDwruTDzmj9rzSjFKggKg
17-06 13:42:22.638: Got no client from session: 1efgIV_yXi9T47ynLr71Iw7QsrGl6zkP
17-06 13:42:22.639: Got no client from session: JczzfY-gHAalhhxs01Jgfnv8GJ4Jbc5b
17-06 13:42:22.640: Got no client from session: ywYfOH9DSMNshYC4TWvQnSYZLeUHpKWk
17-06 13:42:22.643: Got no client from session: ROq5DocN6gBcC8yVPi4CFaEb4IVltbv3
17-06 13:42:22.646: Got no client from session: SasoxfHDStGnW8OEbrAI2suX7G-eife6
17-06 13:42:22.651: Got no client from session: YWIRDTTUlS1kYldFdT4E6gJk660C9IxM
17-06 13:42:22.654: Got no client from session: jnUG4iVW2Sp-0iDHBnTDKfVI-tL6SE19
17-06 13:42:22.662: Got no client from session: did-aXdHJR3axvjs7IveHL7LcCnh7_4v
17-06 13:42:22.674: Got no client from session: OWLseIA71vv6Ne29JzjDTxaEmMh6tRP9
17-06 13:42:22.685: Got no client from session: B4COFRevW9cTkzj4IMXljldQejqMNBjV
17-06 13:42:22.692: Got no client from session: TfqVRnWKlIpVJSVOFtr2aT2S4kenanZN
17-06 13:42:22.699: Got no client from session: _14Eh3znq-II4Fu-_7Vok5hzr_zfBsHu
17-06 13:42:22.702: Got no client from session: wn1TFJ6J5Ee3G-nA3mTQWsuU9ECqy-Ik
17-06 13:42:22.714: Got no client from session: qyzMytr8EB8y7XHT1jpjELOPp1ovAADU
17-06 13:42:22.716: Got no client from session: QwxbXzsKBnAgGhBzdX92CRTWMHXnuX5J
17-06 13:42:22.719: Got no client from session: fpsMfRQWhG8pN0RpNP-qGIneJ-ffqdMK
17-06 13:42:22.722: Got no client from session: 4zhcDuI7Mnhj0PxQmWFs9FsksdrziBk9
17-06 13:42:22.731: Got no client from session: hFW4NMgenZazjowgQf0OusO1JCdmV4o5
17-06 13:42:22.733: Got no client from session: UqlKW7t7iBZrXLECN_6Qw7bQnWW3WjIh
17-06 13:42:22.736: Got no client from session: wVknJ34LmDkb8Asl_-P9OiHBxWtYQHoB
17-06 13:42:22.739: Got no client from session: jA1OTxtOpQsSSJxt1ad5W6lPz3bi_koL
17-06 13:42:22.745: Got no client from session: G1vKwfMahR_0RP01UZ6ySzZ0dl09JBWW
17-06 13:42:22.759: Got no client from session: dzk72l8uw-XAWA3EZwx2QQClVta_7IkJ
17-06 13:42:22.762: Got no client from session: DX60FHmV91arE39KK9gtmZ6KwhuHcM0z
17-06 13:42:22.764: Got no client from session: dAdDk4_O8eebalLtqblXHsZKT_5q4Iaa
17-06 13:42:22.764: Got no client from session: 5K4s5uZ0vdOS1xts4zOwXP_RiYRfHvT9
17-06 13:42:22.780: Got no client from session: xYiZgP64fF5mtXS-y_C0A_-4_glvGPac
17-06 13:42:22.781: Got no client from session: XrZ5yAbESPIp1W8L-_UiFGqkHTXE36w0
17-06 13:42:22.795: Got no client from session: hUNv3jg0bJYFj8nPRMWMvHXIh1-9yKaa
17-06 13:42:22.795: Got no client from session: d_7uvgAmA34dWZGAKVFkRSe4Q7Jxsv6j
17-06 13:42:22.797: Got no client from session: 7MJdqAxcM2qfOr6g_iSCzTpwIk5LwekQ
17-06 13:42:22.803: Got no client from session: sJ2Y5LDyCo60F33T1xHBLl629UpJUXHw
17-06 13:42:22.811: Got no client from session: S69ehovlJikNinPwxIt_YaAUKQHa44Z4
17-06 13:42:22.819: Got no client from session: rvmTo4XaSYlEGPwsHoPSiVqcGVVY4MmM
17-06 13:42:22.820: Got no client from session: t9Ev20Lgnxzbn0JwRvZl9ZQJZR8gAHO6
17-06 13:42:22.831: Got no client from session: CUeyXLjfEZcvNXCrL5E8JTLASnUxKj8V
17-06 13:42:23.012: Mongoose model 'error' event fired on 'ClientNotification' with error:
 Cannot read property 'scheduleDate' of undefined TypeError: Cannot read property 'scheduleDate' of undefined
    at notifications.max.n (/home/simo/app/workers/PendingCartItemsNotifier.js:100:76)
    at Array.max (/home/simo/app/helpers/polyfills.js:609:16)
    at ClientNotification.model.find.exec (/home/simo/app/workers/PendingCartItemsNotifier.js:100:66)
    at /home/simo/lib/node_modules/keystone/node_modules/mongoose/lib/query.js:3118:18
    at invokeCallback (/home/simo/lib/node_modules/keystone/node_modules/es6-promise/dist/es6-promise.js:408:15)
    at publish (/home/simo/lib/node_modules/keystone/node_modules/es6-promise/dist/es6-promise.js:391:7)
    at flush (/home/simo/lib/node_modules/keystone/node_modules/es6-promise/dist/es6-promise.js:128:5)
    at _combinedTickCallback (internal/process/next_tick.js:131:7)
    at process._tickDomainCallback (internal/process/next_tick.js:218:9)
