Registering: /api/locations
Registering: /api/products
Registering: /api/appuser
Registering: /api/configs
Registering: /api/client
Registering: /api/files
Registering: /api/hooks
Registering: /api/order
Registering: /api/rider
Registering: /api/cart
Registering: /api/user
Registering: /api

------------------------------------------------
KeystoneJS v4.2.1 started:
Dial a Drink Kenya is ready on http://0.0.0.0:4000
------------------------------------------------

Starting workers for background processes..
Loading AppWorkers from: /home/simo/app/workers
Loaded AppWorkers:
DailyNotificationsProcessor, ETLSalesFromOrders, ETLToLexirBrands, ETLToLexirBusinesses, ETLToLexirCategories, ETLToLexirIndustries, ETLToLexirLocations, ETLToLexirProducts, ETLToLexirServices, OrderClientDetailsFix, OrderNotificationRetry, PaymentNotificationRetry, PendingCartItemsNotifier, PendingNotificationsProcessor
Loaded 10/14 active workers..
Getting SMS balance..
SMS balance: 1412
GET /admin/app-workers 200 18.318 ms
GET /admin/api/app-workers?fields=name%2CrunRequency%2ClastRun%2CcreatedDate%2CisActive&limit=100&sort=name&expandRelationshipFields=true 200 10.451 ms
Initiated Locals in  1695ms
Popular: 635, Offers: 14, BrandFocus: 14..
HEAD / 200 3276.261 ms
GET /vape-in-kenya 200 1515.204 ms
GET /johnnie-walker-green-label-whisky 200 476.282 ms
Using cache: __express__
GET / 200 7.047 ms
ETLing 307 brands 2022-03-06T02:42:31.594Z
Using cache: __express__
HEAD / 200 9.406 ms
GET /product/ciroc-vodka-pineapple-flavour 200 207.211 ms
Registering: /api/locations
Registering: /api/products
Registering: /api/appuser
Registering: /api/configs
Registering: /api/client
Registering: /api/files
Registering: /api/hooks
Registering: /api/order
Registering: /api/rider
Registering: /api/cart
Registering: /api/user
Registering: /api

------------------------------------------------
KeystoneJS v4.2.1 started:
Dial a Drink Kenya is ready on http://0.0.0.0:4000
------------------------------------------------

Initiated Locals in  1660ms
GET /villiger-no-1-sumatrak 200 2180.674 ms
Starting workers for background processes..
Loading AppWorkers from: /home/simo/app/workers
Loaded AppWorkers:
DailyNotificationsProcessor, ETLSalesFromOrders, ETLToLexirBrands, ETLToLexirBusinesses, ETLToLexirCategories, ETLToLexirIndustries, ETLToLexirLocations, ETLToLexirProducts, ETLToLexirServices, OrderClientDetailsFix, OrderNotificationRetry, PaymentNotificationRetry, PendingCartItemsNotifier, PendingNotificationsProcessor
Loaded 10/14 active workers..
Getting SMS balance..
SMS balance: 1412
